<?xml version="1.0" encoding="UTF-8"?>
<!-- Generated by org.testng.reporters.JUnitReportReporter -->
<testsuite hostname="LAPTOP-O42IA6SQ" failures="0" tests="4" name="MavenTestNg.priority" time="0.036" errors="0" timestamp="2025-06-03T10:53:29 IST" skipped="0">
  <testcase classname="MavenTestNg.priority" name="putthirdgear" time="0.028"/>
  <testcase classname="MavenTestNg.priority" name="putfirstgear" time="0.004"/>
  <testcase classname="MavenTestNg.priority" name="putsecondgear" time="0.002"/>
  <testcase classname="MavenTestNg.priority" name="startthecar" time="0.002"/>
</testsuite> <!-- MavenTestNg.priority -->
