<?xml version="1.0" encoding="UTF-8"?>
<!-- Generated by org.testng.reporters.JUnitReportReporter -->
<testsuite hostname="LAPTOP-O42IA6SQ" failures="0" tests="4" name="MavenTestNg.DemoGuru" time="30.990" errors="0" timestamp="2025-06-25T21:13:41 IST" skipped="0">
  <testcase classname="MavenTestNg.DemoGuru" name="addCustomerTest" time="10.345"/>
  <testcase classname="MavenTestNg.DemoGuru" name="AddTariffCustomer" time="4.933"/>
  <testcase classname="MavenTestNg.DemoGuru" name="AddTariffPlan" time="7.786"/>
  <testcase classname="MavenTestNg.DemoGuru" name="PayBill" time="7.926"/>
</testsuite> <!-- MavenTestNg.DemoGuru -->
