<?xml version="1.0" encoding="UTF-8"?>
<!-- Generated by org.testng.reporters.JUnitReportReporter -->
<testsuite hostname="LAPTOP-O42IA6SQ" failures="0" tests="4" name="MavenTestNg.TestCase" time="0.038" errors="0" timestamp="2025-06-03T10:19:21 IST" skipped="0">
  <testcase classname="MavenTestNg.TestCase" name="thirdtestcase" time="0.003"/>
  <testcase classname="MavenTestNg.TestCase" name="fourthtestcase" time="0.003"/>
  <testcase classname="MavenTestNg.TestCase" name="secondttestcase" time="0.002"/>
  <testcase classname="MavenTestNg.TestCase" name="firsttestcase" time="0.030"/>
</testsuite> <!-- MavenTestNg.TestCase -->
