<?xml version="1.0" encoding="UTF-8"?>
<!-- Generated by org.testng.reporters.JUnitReportReporter -->
<testsuite hostname="LAPTOP-O42IA6SQ" failures="0" tests="3" name="MavenTestNg.WebOpen" time="5.286" errors="0" timestamp="2025-06-04T12:03:00 IST" skipped="0">
  <testcase classname="MavenTestNg.WebOpen" name="openyahoo" time="1.068"/>
  <testcase classname="MavenTestNg.WebOpen" name="openbing" time="1.340"/>
  <testcase classname="MavenTestNg.WebOpen" name="opengoogle" time="2.878"/>
</testsuite> <!-- MavenTestNg.WebOpen -->
