<?xml version="1.0" encoding="UTF-8"?>
<!-- Generated by org.testng.reporters.JUnitReportReporter -->
<testsuite hostname="LAPTOP-O42IA6SQ" failures="0" tests="3" name="MavenTestNg.Dependency" time="0.023" errors="0" timestamp="2025-06-03T11:01:43 IST" skipped="0">
  <testcase classname="MavenTestNg.Dependency" name="highschool" time="0.019"/>
  <testcase classname="MavenTestNg.Dependency" name="college" time="0.002"/>
  <testcase classname="MavenTestNg.Dependency" name="highersecondary" time="0.002"/>
</testsuite> <!-- MavenTestNg.Dependency -->
