<?xml version="1.0" encoding="UTF-8"?>
<!-- Generated by org.testng.reporters.JUnitReportReporter -->
<testsuite hostname="LAPTOP-O42IA6SQ" failures="0" tests="5" name="MavenTestNg.SkipTest" time="0.027" errors="0" timestamp="2025-06-03T11:14:40 IST" skipped="1">
  <testcase classname="MavenTestNg.SkipTest" name="startthecar" time="0.020"/>
  <testcase classname="MavenTestNg.SkipTest" name="putfirstgear" time="0.002"/>
  <testcase classname="MavenTestNg.SkipTest" name="putsecondgear" time="0.002"/>
  <testcase classname="MavenTestNg.SkipTest" name="putthirdgear" time="0.003"/>
  <testcase classname="MavenTestNg.SkipTest" name="turnthemusicon">
    <skipped/>
  </testcase> <!-- turnthemusicon -->
</testsuite> <!-- MavenTestNg.SkipTest -->
